Netgen 1.5.276 compiled on Fri 31 May 2024 03:07:03 PM EDT
Warning: netgen command 'format' use fully-qualified name '::netgen::format'
Warning: netgen command 'global' use fully-qualified name '::netgen::global'
Call to undefined subcircuit sky130_fd_pr__pfet_g5v0d10v5
Creating placeholder cell definition.
Call to undefined subcircuit sky130_fd_pr__nfet_g5v0d10v5
Creating placeholder cell definition.
Call to undefined subcircuit sky130_fd_pr__diode_pd2nw_11v0
Creating placeholder cell definition.
Call to undefined subcircuit sky130_fd_pr__diode_pw2nd_11v0
Creating placeholder cell definition.
Call to undefined subcircuit sky130_fd_pr__nfet_01v8
Creating placeholder cell definition.
Call to undefined subcircuit sky130_fd_pr__pfet_01v8
Creating placeholder cell definition.
Call to undefined subcircuit sky130_fd_pr__cap_mim_m3_1
Creating placeholder cell definition.
Call to undefined subcircuit sky130_fd_pr__res_xhigh_po_0p35
Creating placeholder cell definition.
Call to undefined subcircuit sky130_fd_pr__pfet_g5v0d10v5
Creating placeholder cell definition.
Call to undefined subcircuit sky130_fd_pr__nfet_g5v0d10v5
Creating placeholder cell definition.
Call to undefined subcircuit sky130_fd_pr__nfet_01v8
Creating placeholder cell definition.
Call to undefined subcircuit sky130_fd_pr__pfet_01v8_hvt
Creating placeholder cell definition.
Call to undefined subcircuit sky130_fd_pr__nfet_05v0_nvt
Creating placeholder cell definition.
Call to undefined subcircuit sky130_fd_pr__res_generic_nd__hv
Creating placeholder cell definition.
Call to undefined subcircuit sky130_fd_pr__res_generic_pd__hv
Creating placeholder cell definition.
Call to undefined subcircuit vittoz_pierce_osc
Creating placeholder cell definition.
Call to undefined subcircuit schmitt_trigger_pullmid
Creating placeholder cell definition.
Call to undefined subcircuit sky130_fd_pr__cap_mim_m3_1
Creating placeholder cell definition.
Call to undefined subcircuit power_gating
Creating placeholder cell definition.
Call to undefined subcircuit sky130_fd_pr__res_xhigh_po_0p35
Creating placeholder cell definition.
Call to undefined subcircuit sky130_fd_pr__pfet_01v8
Creating placeholder cell definition.
Call to undefined subcircuit level_shifter_xd
Creating placeholder cell definition.
Call to undefined subcircuit sky130_fd_pr__diode_pd2nw_11v0
Creating placeholder cell definition.

Reading setup file /home/azwefabless/.volare/volare/sky130/versions/42cd15c469adc1d303ffca4a7d32c29a4564a737/sky130A/libs.tech/netgen/sky130A_setup.tcl

Model sky130_fd_pr__res_xhigh_po_0p35 pin 1 == 2
No property w found for device sky130_fd_pr__res_xhigh_po_0p35
No property w found for device sky130_fd_pr__res_xhigh_po_0p35
No property value found for device sky130_fd_pr__res_xhigh_po_0p35
No property w found for device sky130_fd_pr__res_xhigh_po_0p35
No property mult found for device sky130_fd_pr__res_xhigh_po_0p35
Model sky130_fd_pr__res_xhigh_po_0p35 pin 1 == 2
No property w found for device sky130_fd_pr__res_xhigh_po_0p35
No property w found for device sky130_fd_pr__res_xhigh_po_0p35
No property value found for device sky130_fd_pr__res_xhigh_po_0p35
No property w found for device sky130_fd_pr__res_xhigh_po_0p35
Model sky130_fd_pr__res_generic_nd__hv pin 1 == 2
No property value found for device sky130_fd_pr__res_generic_nd__hv
No property mult found for device sky130_fd_pr__res_generic_nd__hv
Model sky130_fd_pr__res_generic_pd__hv pin 1 == 2
No property value found for device sky130_fd_pr__res_generic_pd__hv
No property mult found for device sky130_fd_pr__res_generic_pd__hv
Model sky130_fd_pr__res_generic_po pin end_a == end_b
No property mult found for device sky130_fd_pr__res_generic_po
Model sky130_fd_pr__nfet_01v8 pin 1 == 3
No property mult found for device sky130_fd_pr__nfet_01v8
No property sa found for device sky130_fd_pr__nfet_01v8
No property sb found for device sky130_fd_pr__nfet_01v8
No property sd found for device sky130_fd_pr__nfet_01v8
No property nf found for device sky130_fd_pr__nfet_01v8
No property nrd found for device sky130_fd_pr__nfet_01v8
No property nrs found for device sky130_fd_pr__nfet_01v8
No property area found for device sky130_fd_pr__nfet_01v8
No property perim found for device sky130_fd_pr__nfet_01v8
No property topography found for device sky130_fd_pr__nfet_01v8
Model sky130_fd_pr__nfet_01v8 pin 1 == 3
No property as found for device sky130_fd_pr__nfet_01v8
No property ad found for device sky130_fd_pr__nfet_01v8
No property ps found for device sky130_fd_pr__nfet_01v8
No property pd found for device sky130_fd_pr__nfet_01v8
No property mult found for device sky130_fd_pr__nfet_01v8
No property sa found for device sky130_fd_pr__nfet_01v8
No property sb found for device sky130_fd_pr__nfet_01v8
No property sd found for device sky130_fd_pr__nfet_01v8
No property nrd found for device sky130_fd_pr__nfet_01v8
No property nrs found for device sky130_fd_pr__nfet_01v8
No property area found for device sky130_fd_pr__nfet_01v8
No property perim found for device sky130_fd_pr__nfet_01v8
No property topography found for device sky130_fd_pr__nfet_01v8
Model sky130_fd_pr__nfet_g5v0d10v5 pin 1 == 3
No property mult found for device sky130_fd_pr__nfet_g5v0d10v5
No property sa found for device sky130_fd_pr__nfet_g5v0d10v5
No property sb found for device sky130_fd_pr__nfet_g5v0d10v5
No property sd found for device sky130_fd_pr__nfet_g5v0d10v5
No property nf found for device sky130_fd_pr__nfet_g5v0d10v5
No property nrd found for device sky130_fd_pr__nfet_g5v0d10v5
No property nrs found for device sky130_fd_pr__nfet_g5v0d10v5
No property area found for device sky130_fd_pr__nfet_g5v0d10v5
No property perim found for device sky130_fd_pr__nfet_g5v0d10v5
No property topography found for device sky130_fd_pr__nfet_g5v0d10v5
Model sky130_fd_pr__nfet_g5v0d10v5 pin 1 == 3
No property as found for device sky130_fd_pr__nfet_g5v0d10v5
No property ad found for device sky130_fd_pr__nfet_g5v0d10v5
No property ps found for device sky130_fd_pr__nfet_g5v0d10v5
No property pd found for device sky130_fd_pr__nfet_g5v0d10v5
No property mult found for device sky130_fd_pr__nfet_g5v0d10v5
No property sa found for device sky130_fd_pr__nfet_g5v0d10v5
No property sb found for device sky130_fd_pr__nfet_g5v0d10v5
No property sd found for device sky130_fd_pr__nfet_g5v0d10v5
No property nrd found for device sky130_fd_pr__nfet_g5v0d10v5
No property nrs found for device sky130_fd_pr__nfet_g5v0d10v5
No property area found for device sky130_fd_pr__nfet_g5v0d10v5
No property perim found for device sky130_fd_pr__nfet_g5v0d10v5
No property topography found for device sky130_fd_pr__nfet_g5v0d10v5
Model sky130_fd_pr__nfet_05v0_nvt pin 1 == 3
No property as found for device sky130_fd_pr__nfet_05v0_nvt
No property ad found for device sky130_fd_pr__nfet_05v0_nvt
No property ps found for device sky130_fd_pr__nfet_05v0_nvt
No property pd found for device sky130_fd_pr__nfet_05v0_nvt
No property mult found for device sky130_fd_pr__nfet_05v0_nvt
No property sa found for device sky130_fd_pr__nfet_05v0_nvt
No property sb found for device sky130_fd_pr__nfet_05v0_nvt
No property sd found for device sky130_fd_pr__nfet_05v0_nvt
No property nf found for device sky130_fd_pr__nfet_05v0_nvt
No property nrd found for device sky130_fd_pr__nfet_05v0_nvt
No property nrs found for device sky130_fd_pr__nfet_05v0_nvt
No property area found for device sky130_fd_pr__nfet_05v0_nvt
No property perim found for device sky130_fd_pr__nfet_05v0_nvt
No property topography found for device sky130_fd_pr__nfet_05v0_nvt
Model sky130_fd_pr__pfet_01v8 pin 1 == 3
No property mult found for device sky130_fd_pr__pfet_01v8
No property sa found for device sky130_fd_pr__pfet_01v8
No property sb found for device sky130_fd_pr__pfet_01v8
No property sd found for device sky130_fd_pr__pfet_01v8
No property nf found for device sky130_fd_pr__pfet_01v8
No property nrd found for device sky130_fd_pr__pfet_01v8
No property nrs found for device sky130_fd_pr__pfet_01v8
No property area found for device sky130_fd_pr__pfet_01v8
No property perim found for device sky130_fd_pr__pfet_01v8
No property topography found for device sky130_fd_pr__pfet_01v8
Model sky130_fd_pr__pfet_01v8 pin 1 == 3
No property as found for device sky130_fd_pr__pfet_01v8
No property ad found for device sky130_fd_pr__pfet_01v8
No property ps found for device sky130_fd_pr__pfet_01v8
No property pd found for device sky130_fd_pr__pfet_01v8
No property mult found for device sky130_fd_pr__pfet_01v8
No property sa found for device sky130_fd_pr__pfet_01v8
No property sb found for device sky130_fd_pr__pfet_01v8
No property sd found for device sky130_fd_pr__pfet_01v8
No property nrd found for device sky130_fd_pr__pfet_01v8
No property nrs found for device sky130_fd_pr__pfet_01v8
No property area found for device sky130_fd_pr__pfet_01v8
No property perim found for device sky130_fd_pr__pfet_01v8
No property topography found for device sky130_fd_pr__pfet_01v8
Model sky130_fd_pr__pfet_01v8_hvt pin 1 == 3
No property as found for device sky130_fd_pr__pfet_01v8_hvt
No property ad found for device sky130_fd_pr__pfet_01v8_hvt
No property ps found for device sky130_fd_pr__pfet_01v8_hvt
No property pd found for device sky130_fd_pr__pfet_01v8_hvt
No property mult found for device sky130_fd_pr__pfet_01v8_hvt
No property sa found for device sky130_fd_pr__pfet_01v8_hvt
No property sb found for device sky130_fd_pr__pfet_01v8_hvt
No property sd found for device sky130_fd_pr__pfet_01v8_hvt
No property nf found for device sky130_fd_pr__pfet_01v8_hvt
No property nrd found for device sky130_fd_pr__pfet_01v8_hvt
No property nrs found for device sky130_fd_pr__pfet_01v8_hvt
No property area found for device sky130_fd_pr__pfet_01v8_hvt
No property perim found for device sky130_fd_pr__pfet_01v8_hvt
No property topography found for device sky130_fd_pr__pfet_01v8_hvt
Model sky130_fd_pr__pfet_g5v0d10v5 pin 1 == 3
No property mult found for device sky130_fd_pr__pfet_g5v0d10v5
No property sa found for device sky130_fd_pr__pfet_g5v0d10v5
No property sb found for device sky130_fd_pr__pfet_g5v0d10v5
No property sd found for device sky130_fd_pr__pfet_g5v0d10v5
No property nf found for device sky130_fd_pr__pfet_g5v0d10v5
No property nrd found for device sky130_fd_pr__pfet_g5v0d10v5
No property nrs found for device sky130_fd_pr__pfet_g5v0d10v5
No property area found for device sky130_fd_pr__pfet_g5v0d10v5
No property perim found for device sky130_fd_pr__pfet_g5v0d10v5
No property topography found for device sky130_fd_pr__pfet_g5v0d10v5
Model sky130_fd_pr__pfet_g5v0d10v5 pin 1 == 3
No property as found for device sky130_fd_pr__pfet_g5v0d10v5
No property ad found for device sky130_fd_pr__pfet_g5v0d10v5
No property ps found for device sky130_fd_pr__pfet_g5v0d10v5
No property pd found for device sky130_fd_pr__pfet_g5v0d10v5
No property mult found for device sky130_fd_pr__pfet_g5v0d10v5
No property sa found for device sky130_fd_pr__pfet_g5v0d10v5
No property sb found for device sky130_fd_pr__pfet_g5v0d10v5
No property sd found for device sky130_fd_pr__pfet_g5v0d10v5
No property nrd found for device sky130_fd_pr__pfet_g5v0d10v5
No property nrs found for device sky130_fd_pr__pfet_g5v0d10v5
No property area found for device sky130_fd_pr__pfet_g5v0d10v5
No property perim found for device sky130_fd_pr__pfet_g5v0d10v5
No property topography found for device sky130_fd_pr__pfet_g5v0d10v5
No property pj found for device sky130_fd_pr__diode_pw2nd_11v0
No property value found for device sky130_fd_pr__diode_pw2nd_11v0
No property pj found for device sky130_fd_pr__diode_pw2nd_11v0
No property mult found for device sky130_fd_pr__diode_pw2nd_11v0
No property value found for device sky130_fd_pr__diode_pw2nd_11v0
No property mult found for device sky130_fd_pr__diode_pw2nd_11v0
No property pj found for device sky130_fd_pr__diode_pd2nw_11v0
No property value found for device sky130_fd_pr__diode_pd2nw_11v0
No property pj found for device sky130_fd_pr__diode_pd2nw_11v0
No property mult found for device sky130_fd_pr__diode_pd2nw_11v0
No property pj found for device sky130_fd_pr__diode_pd2nw_11v0
No property value found for device sky130_fd_pr__diode_pd2nw_11v0
No property pj found for device sky130_fd_pr__diode_pd2nw_11v0
No property mult found for device sky130_fd_pr__diode_pd2nw_11v0
No property area found for device sky130_fd_pr__cap_mim_m3_1
No property value found for device sky130_fd_pr__cap_mim_m3_1
No property mult found for device sky130_fd_pr__cap_mim_m3_1
No property perim found for device sky130_fd_pr__cap_mim_m3_1
No property mf found for device sky130_fd_pr__cap_mim_m3_1
No property area found for device sky130_fd_pr__cap_mim_m3_1
No property value found for device sky130_fd_pr__cap_mim_m3_1
No property mult found for device sky130_fd_pr__cap_mim_m3_1
No property perim found for device sky130_fd_pr__cap_mim_m3_1
No property mf found for device sky130_fd_pr__cap_mim_m3_1
Comparison output logged to file sky130_ht_ip__hsxo_cpz1.out
Logging to file "sky130_ht_ip__hsxo_cpz1.out" enabled
Circuit sky130_fd_pr__pfet_g5v0d10v5 contains no devices.
Circuit sky130_fd_pr__nfet_g5v0d10v5 contains no devices.
Circuit sky130_fd_pr__pfet_01v8 contains no devices.
Circuit sky130_fd_pr__nfet_01v8 contains no devices.
Circuit sky130_fd_pr__diode_pd2nw_11v0 contains no devices.

Contents of circuit 1:  Circuit: 'sky130_fd_pr__diode_pw2nd_11v0'
Circuit sky130_fd_pr__diode_pw2nd_11v0 contains 0 device instances.
Circuit contains 0 nets.
Contents of circuit 2:  Circuit: 'sky130_fd_pr__diode_pw2nd_11v0'
Circuit sky130_fd_pr__diode_pw2nd_11v0 contains 0 device instances.
Circuit contains 0 nets, and 2 disconnected pins.

Circuit sky130_fd_pr__diode_pw2nd_11v0 contains no devices.
Circuit sky130_fd_pr__cap_mim_m3_1 contains no devices.
Circuit sky130_fd_pr__res_xhigh_po_0p35 contains no devices.

Contents of circuit 1:  Circuit: 'power_gating'
Circuit power_gating contains 90 device instances.
  Class: sky130_fd_pr__nfet_01v8 instances:  18
  Class: sky130_fd_pr__cap_mim_m3_1 instances:  12
  Class: sky130_fd_pr__diode_pw2nd_11v0 instances:   1
  Class: sky130_fd_pr__diode_pd2nw_11v0 instances:   1
  Class: sky130_fd_pr__pfet_01v8 instances:  10
  Class: sky130_fd_pr__nfet_g5v0d10v5 instances:  20
  Class: sky130_fd_pr__pfet_g5v0d10v5 instances:  28
Circuit contains 24 nets, and 1 disconnected pin.
Contents of circuit 2:  Circuit: 'power_gating'
Circuit power_gating contains 24 device instances.
  Class: sky130_fd_pr__nfet_01v8 instances:   4
  Class: sky130_fd_pr__cap_mim_m3_1 instances:   2
  Class: sky130_fd_pr__diode_pw2nd_11v0 instances:   1
  Class: sky130_fd_pr__diode_pd2nw_11v0 instances:   1
  Class: sky130_fd_pr__pfet_01v8 instances:   3
  Class: sky130_fd_pr__nfet_g5v0d10v5 instances:   6
  Class: sky130_fd_pr__pfet_g5v0d10v5 instances:   7
Circuit contains 24 nets.

Circuit was modified by parallel/series device merging.
New circuit summary:

Contents of circuit 1:  Circuit: 'power_gating'
Circuit power_gating contains 24 device instances.
  Class: sky130_fd_pr__nfet_01v8 instances:   4
  Class: sky130_fd_pr__cap_mim_m3_1 instances:   2
  Class: sky130_fd_pr__diode_pw2nd_11v0 instances:   1
  Class: sky130_fd_pr__diode_pd2nw_11v0 instances:   1
  Class: sky130_fd_pr__pfet_01v8 instances:   3
  Class: sky130_fd_pr__nfet_g5v0d10v5 instances:   6
  Class: sky130_fd_pr__pfet_g5v0d10v5 instances:   7
Circuit contains 24 nets, and 1 disconnected pin.
Contents of circuit 2:  Circuit: 'power_gating'
Circuit power_gating contains 24 device instances.
  Class: sky130_fd_pr__nfet_01v8 instances:   4
  Class: sky130_fd_pr__cap_mim_m3_1 instances:   2
  Class: sky130_fd_pr__diode_pw2nd_11v0 instances:   1
  Class: sky130_fd_pr__diode_pd2nw_11v0 instances:   1
  Class: sky130_fd_pr__pfet_01v8 instances:   3
  Class: sky130_fd_pr__nfet_g5v0d10v5 instances:   6
  Class: sky130_fd_pr__pfet_g5v0d10v5 instances:   7
Circuit contains 24 nets.

Circuit 1 contains 24 devices, Circuit 2 contains 24 devices.
Circuit 1 contains 24 nets,    Circuit 2 contains 24 nets.

  Flattening non-matched subcircuits power_gating power_gating

Flattening instances of power_gating in file ../netlist/layout/sky130_ht_ip__hsxo_cpz1.spice
Flattening instances of power_gating in file ../netlist/schematic/sky130_ht_ip__hsxo_cpz1.spice

Contents of circuit 1:  Circuit: 'schmitt_trigger_pullmid'
Circuit schmitt_trigger_pullmid contains 28 device instances.
  Class: sky130_fd_pr__nfet_01v8 instances:   3
  Class: sky130_fd_pr__cap_mim_m3_1 instances:   6
  Class: sky130_fd_pr__res_xhigh_po_0p35 instances:  16
  Class: sky130_fd_pr__pfet_01v8 instances:   3
Circuit contains 20 nets.
Contents of circuit 2:  Circuit: 'schmitt_trigger_pullmid'
Circuit schmitt_trigger_pullmid contains 11 device instances.
  Class: sky130_fd_pr__nfet_01v8 instances:   3
  Class: sky130_fd_pr__cap_mim_m3_1 instances:   1
  Class: vsrc                  instances:   1
  Class: sky130_fd_pr__res_xhigh_po_0p35 instances:   3
  Class: sky130_fd_pr__pfet_01v8 instances:   3
Circuit contains 8 nets.

Flattened mismatched instances and attempting compare again.

Contents of circuit 1:  Circuit: 'schmitt_trigger_pullmid'
Circuit schmitt_trigger_pullmid contains 28 device instances.
  Class: sky130_fd_pr__nfet_01v8 instances:   3
  Class: sky130_fd_pr__cap_mim_m3_1 instances:   6
  Class: sky130_fd_pr__res_xhigh_po_0p35 instances:  16
  Class: sky130_fd_pr__pfet_01v8 instances:   3
Circuit contains 20 nets.
Contents of circuit 2:  Circuit: 'schmitt_trigger_pullmid'
Circuit schmitt_trigger_pullmid contains 10 device instances.
  Class: sky130_fd_pr__nfet_01v8 instances:   3
  Class: sky130_fd_pr__cap_mim_m3_1 instances:   1
  Class: sky130_fd_pr__res_xhigh_po_0p35 instances:   3
  Class: sky130_fd_pr__pfet_01v8 instances:   3
Circuit contains 7 nets.

Circuit was modified by parallel/series device merging.
New circuit summary:

Contents of circuit 1:  Circuit: 'schmitt_trigger_pullmid'
Circuit schmitt_trigger_pullmid contains 10 device instances.
  Class: sky130_fd_pr__nfet_01v8 instances:   3
  Class: sky130_fd_pr__cap_mim_m3_1 instances:   1
  Class: sky130_fd_pr__res_xhigh_po_0p35 instances:   3
  Class: sky130_fd_pr__pfet_01v8 instances:   3
Circuit contains 7 nets.
Contents of circuit 2:  Circuit: 'schmitt_trigger_pullmid'
Circuit schmitt_trigger_pullmid contains 10 device instances.
  Class: sky130_fd_pr__nfet_01v8 instances:   3
  Class: sky130_fd_pr__cap_mim_m3_1 instances:   1
  Class: sky130_fd_pr__res_xhigh_po_0p35 instances:   3
  Class: sky130_fd_pr__pfet_01v8 instances:   3
Circuit contains 7 nets.

Circuit 1 contains 10 devices, Circuit 2 contains 10 devices.
Circuit 1 contains 7 nets,    Circuit 2 contains 7 nets.


Contents of circuit 1:  Circuit: 'vittoz_pierce_osc'
Circuit vittoz_pierce_osc contains 115 device instances.
  Class: sky130_fd_pr__cap_mim_m3_1 instances:  26
  Class: sky130_fd_pr__res_xhigh_po_0p35 instances:   2
  Class: sky130_fd_pr__nfet_g5v0d10v5 instances:  43
  Class: sky130_fd_pr__pfet_g5v0d10v5 instances:  44
Circuit contains 12 nets.
Contents of circuit 2:  Circuit: 'vittoz_pierce_osc'
Circuit vittoz_pierce_osc contains 23 device instances.
  Class: sky130_fd_pr__cap_mim_m3_1 instances:   6
  Class: vsrc                  instances:   5
  Class: sky130_fd_pr__res_xhigh_po_0p35 instances:   2
  Class: sky130_fd_pr__nfet_g5v0d10v5 instances:   6
  Class: sky130_fd_pr__pfet_g5v0d10v5 instances:   4
Circuit contains 17 nets.

Flattened mismatched instances and attempting compare again.

Contents of circuit 1:  Circuit: 'vittoz_pierce_osc'
Circuit vittoz_pierce_osc contains 115 device instances.
  Class: sky130_fd_pr__cap_mim_m3_1 instances:  26
  Class: sky130_fd_pr__res_xhigh_po_0p35 instances:   2
  Class: sky130_fd_pr__nfet_g5v0d10v5 instances:  43
  Class: sky130_fd_pr__pfet_g5v0d10v5 instances:  44
Circuit contains 12 nets.
Contents of circuit 2:  Circuit: 'vittoz_pierce_osc'
Circuit vittoz_pierce_osc contains 18 device instances.
  Class: sky130_fd_pr__cap_mim_m3_1 instances:   6
  Class: sky130_fd_pr__res_xhigh_po_0p35 instances:   2
  Class: sky130_fd_pr__nfet_g5v0d10v5 instances:   6
  Class: sky130_fd_pr__pfet_g5v0d10v5 instances:   4
Circuit contains 12 nets.

Circuit was modified by parallel/series device merging.
New circuit summary:

Contents of circuit 1:  Circuit: 'vittoz_pierce_osc'
Circuit vittoz_pierce_osc contains 18 device instances.
  Class: sky130_fd_pr__cap_mim_m3_1 instances:   6
  Class: sky130_fd_pr__res_xhigh_po_0p35 instances:   2
  Class: sky130_fd_pr__nfet_g5v0d10v5 instances:   6
  Class: sky130_fd_pr__pfet_g5v0d10v5 instances:   4
Circuit contains 12 nets.
Contents of circuit 2:  Circuit: 'vittoz_pierce_osc'
Circuit vittoz_pierce_osc contains 18 device instances.
  Class: sky130_fd_pr__cap_mim_m3_1 instances:   6
  Class: sky130_fd_pr__res_xhigh_po_0p35 instances:   2
  Class: sky130_fd_pr__nfet_g5v0d10v5 instances:   6
  Class: sky130_fd_pr__pfet_g5v0d10v5 instances:   4
Circuit contains 12 nets.

Circuit 1 contains 18 devices, Circuit 2 contains 18 devices.
Circuit 1 contains 12 nets,    Circuit 2 contains 12 nets.


Contents of circuit 1:  Circuit: 'sky130_ht_ip__hsxo_cpz1'
Circuit sky130_ht_ip__hsxo_cpz1 contains 32 device instances.
  Class: sky130_fd_pr__nfet_01v8 instances:   4
  Class: sky130_fd_pr__cap_mim_m3_1 instances:   8
  Class: sky130_fd_pr__diode_pw2nd_11v0 instances:   1
  Class: sky130_fd_pr__diode_pd2nw_11v0 instances:   1
  Class: sky130_fd_pr__pfet_01v8 instances:   3
  Class: vittoz_pierce_osc     instances:   1
  Class: sky130_fd_pr__nfet_g5v0d10v5 instances:   6
  Class: sky130_fd_pr__pfet_g5v0d10v5 instances:   7
  Class: schmitt_trigger_pullmid instances:   1
Circuit contains 26 nets.
Contents of circuit 2:  Circuit: 'sky130_ht_ip__hsxo_cpz1'
Circuit sky130_ht_ip__hsxo_cpz1 contains 27 device instances.
  Class: sky130_fd_pr__nfet_01v8 instances:   4
  Class: sky130_fd_pr__cap_mim_m3_1 instances:   3
  Class: sky130_fd_pr__diode_pw2nd_11v0 instances:   1
  Class: sky130_fd_pr__diode_pd2nw_11v0 instances:   1
  Class: sky130_fd_pr__pfet_01v8 instances:   3
  Class: vittoz_pierce_osc     instances:   1
  Class: sky130_fd_pr__nfet_g5v0d10v5 instances:   6
  Class: sky130_fd_pr__pfet_g5v0d10v5 instances:   7
  Class: schmitt_trigger_pullmid instances:   1
Circuit contains 27 nets, and 1 disconnected pin.

Circuit was modified by parallel/series device merging.
New circuit summary:

Contents of circuit 1:  Circuit: 'sky130_ht_ip__hsxo_cpz1'
Circuit sky130_ht_ip__hsxo_cpz1 contains 27 device instances.
  Class: sky130_fd_pr__nfet_01v8 instances:   4
  Class: sky130_fd_pr__cap_mim_m3_1 instances:   3
  Class: sky130_fd_pr__diode_pw2nd_11v0 instances:   1
  Class: sky130_fd_pr__diode_pd2nw_11v0 instances:   1
  Class: sky130_fd_pr__pfet_01v8 instances:   3
  Class: vittoz_pierce_osc     instances:   1
  Class: sky130_fd_pr__nfet_g5v0d10v5 instances:   6
  Class: sky130_fd_pr__pfet_g5v0d10v5 instances:   7
  Class: schmitt_trigger_pullmid instances:   1
Circuit contains 26 nets.
Contents of circuit 2:  Circuit: 'sky130_ht_ip__hsxo_cpz1'
Circuit sky130_ht_ip__hsxo_cpz1 contains 27 device instances.
  Class: sky130_fd_pr__nfet_01v8 instances:   4
  Class: sky130_fd_pr__cap_mim_m3_1 instances:   3
  Class: sky130_fd_pr__diode_pw2nd_11v0 instances:   1
  Class: sky130_fd_pr__diode_pd2nw_11v0 instances:   1
  Class: sky130_fd_pr__pfet_01v8 instances:   3
  Class: vittoz_pierce_osc     instances:   1
  Class: sky130_fd_pr__nfet_g5v0d10v5 instances:   6
  Class: sky130_fd_pr__pfet_g5v0d10v5 instances:   7
  Class: schmitt_trigger_pullmid instances:   1
Circuit contains 27 nets, and 1 disconnected pin.

Circuit 1 contains 27 devices, Circuit 2 contains 27 devices.
Circuit 1 contains 26 nets,    Circuit 2 contains 27 nets. *** MISMATCH ***


Final result: 
Top level cell failed pin matching.


The following cells had property errors:
 schmitt_trigger_pullmid
 vittoz_pierce_osc

Logging to file "sky130_ht_ip__hsxo_cpz1.out" disabled
LVS Done.
